Performing C SOURCE FILE Test CMAKE_HAVE_LIBC_PTHREAD failed with the following output:
Change Dir: /pub/hsud8/smat/src/cuda_hgemm/build/CMakeFiles/CMakeTmp

Run Build Command(s):/usr/bin/gmake -f Makefile cmTC_e2eee/fast && /usr/bin/gmake  -f CMakeFiles/cmTC_e2eee.dir/build.make CMakeFiles/cmTC_e2eee.dir/build
gmake[1]: Entering directory '/dfs6/pub/hsud8/smat/src/cuda_hgemm/build/CMakeFiles/CMakeTmp'
Building C object CMakeFiles/cmTC_e2eee.dir/src.c.o
/data/homezvol3/hsud8/.conda/envs/smat/bin/x86_64-conda-linux-gnu-cc -DCMAKE_HAVE_LIBC_PTHREAD  -fPIC  -o CMakeFiles/cmTC_e2eee.dir/src.c.o -c /pub/hsud8/smat/src/cuda_hgemm/build/CMakeFiles/CMakeTmp/src.c
Linking C executable cmTC_e2eee
/usr/bin/cmake -E cmake_link_script CMakeFiles/cmTC_e2eee.dir/link.txt --verbose=1
/data/homezvol3/hsud8/.conda/envs/smat/bin/x86_64-conda-linux-gnu-cc -fPIC  -Wl,--as-needed  CMakeFiles/cmTC_e2eee.dir/src.c.o -o cmTC_e2eee 
/data/homezvol3/hsud8/.conda/envs/smat/bin/../lib/gcc/x86_64-conda-linux-gnu/12.3.0/../../../../x86_64-conda-linux-gnu/bin/ld: CMakeFiles/cmTC_e2eee.dir/src.c.o: in function `main':
src.c:(.text+0x2f): undefined reference to `pthread_create'
/data/homezvol3/hsud8/.conda/envs/smat/bin/../lib/gcc/x86_64-conda-linux-gnu/12.3.0/../../../../x86_64-conda-linux-gnu/bin/ld: src.c:(.text+0x3b): undefined reference to `pthread_detach'
/data/homezvol3/hsud8/.conda/envs/smat/bin/../lib/gcc/x86_64-conda-linux-gnu/12.3.0/../../../../x86_64-conda-linux-gnu/bin/ld: src.c:(.text+0x47): undefined reference to `pthread_cancel'
/data/homezvol3/hsud8/.conda/envs/smat/bin/../lib/gcc/x86_64-conda-linux-gnu/12.3.0/../../../../x86_64-conda-linux-gnu/bin/ld: src.c:(.text+0x58): undefined reference to `pthread_join'
/data/homezvol3/hsud8/.conda/envs/smat/bin/../lib/gcc/x86_64-conda-linux-gnu/12.3.0/../../../../x86_64-conda-linux-gnu/bin/ld: src.c:(.text+0x6c): undefined reference to `pthread_atfork'
collect2: error: ld returned 1 exit status
gmake[1]: *** [CMakeFiles/cmTC_e2eee.dir/build.make:99: cmTC_e2eee] Error 1
gmake[1]: Leaving directory '/dfs6/pub/hsud8/smat/src/cuda_hgemm/build/CMakeFiles/CMakeTmp'
gmake: *** [Makefile:127: cmTC_e2eee/fast] Error 2


Source file was:
#include <pthread.h>

static void* test_func(void* data)
{
  return data;
}

int main(void)
{
  pthread_t thread;
  pthread_create(&thread, NULL, test_func, NULL);
  pthread_detach(thread);
  pthread_cancel(thread);
  pthread_join(thread, NULL);
  pthread_atfork(NULL, NULL, NULL);
  pthread_exit(NULL);

  return 0;
}

Determining if the function pthread_create exists in the pthreads failed with the following output:
Change Dir: /pub/hsud8/smat/src/cuda_hgemm/build/CMakeFiles/CMakeTmp

Run Build Command(s):/usr/bin/gmake -f Makefile cmTC_d1f1e/fast && /usr/bin/gmake  -f CMakeFiles/cmTC_d1f1e.dir/build.make CMakeFiles/cmTC_d1f1e.dir/build
gmake[1]: Entering directory '/dfs6/pub/hsud8/smat/src/cuda_hgemm/build/CMakeFiles/CMakeTmp'
Building C object CMakeFiles/cmTC_d1f1e.dir/CheckFunctionExists.c.o
/data/homezvol3/hsud8/.conda/envs/smat/bin/x86_64-conda-linux-gnu-cc   -fPIC -DCHECK_FUNCTION_EXISTS=pthread_create -o CMakeFiles/cmTC_d1f1e.dir/CheckFunctionExists.c.o -c /usr/share/cmake/Modules/CheckFunctionExists.c
Linking C executable cmTC_d1f1e
/usr/bin/cmake -E cmake_link_script CMakeFiles/cmTC_d1f1e.dir/link.txt --verbose=1
/data/homezvol3/hsud8/.conda/envs/smat/bin/x86_64-conda-linux-gnu-cc -fPIC -DCHECK_FUNCTION_EXISTS=pthread_create -Wl,--as-needed  CMakeFiles/cmTC_d1f1e.dir/CheckFunctionExists.c.o -o cmTC_d1f1e  -lpthreads 
/data/homezvol3/hsud8/.conda/envs/smat/bin/../lib/gcc/x86_64-conda-linux-gnu/12.3.0/../../../../x86_64-conda-linux-gnu/bin/ld: cannot find -lpthreads: No such file or directory
collect2: error: ld returned 1 exit status
gmake[1]: *** [CMakeFiles/cmTC_d1f1e.dir/build.make:99: cmTC_d1f1e] Error 1
gmake[1]: Leaving directory '/dfs6/pub/hsud8/smat/src/cuda_hgemm/build/CMakeFiles/CMakeTmp'
gmake: *** [Makefile:127: cmTC_d1f1e/fast] Error 2



